{
  "stats": {
    "suites": 2,
    "tests": 5,
    "passes": 3,
    "pending": 0,
    "failures": 2,
    "start": "2019-12-03T04:25:54.498Z",
    "end": "2019-12-03T04:26:09.001Z",
    "duration": 14503,
    "testsRegistered": 5,
    "passPercent": 60,
    "pendingPercent": 0,
    "other": 0,
    "hasOther": false,
    "skipped": 0,
    "hasSkipped": false
  },
  "results": [
    {
      "uuid": "ed6754e4-41f2-4f03-b4e4-420c38e42ee0",
      "title": "",
      "fullFile": "",
      "file": "",
      "beforeHooks": [],
      "afterHooks": [],
      "tests": [],
      "suites": [
        {
          "uuid": "c8e2ec6c-3ce0-4dbe-a242-8e491e70fce2",
          "title": "Login CMS Admin --Positive Case",
          "fullFile": "",
          "file": "",
          "beforeHooks": [],
          "afterHooks": [],
          "tests": [
            {
              "title": "Login with correct username and pasword then enter to login",
              "fullTitle": "Login CMS Admin --Positive Case Login with correct username and pasword then enter to login",
              "timedOut": null,
              "duration": 3989,
              "state": "passed",
              "speed": "slow",
              "pass": true,
              "fail": false,
              "pending": false,
              "context": null,
              "code": "cy.visit('/#/login');\ncy.get('input[ng-model=\"crendetial.username\"]').type(username);\ncy.get('input[placeholder=\"Password\"]').type(\"\".concat(password, \"{enter}\")); // expect(cy.url()).to.include('/dashboard/user-consumer');\ncy.log('test');",
              "err": {},
              "uuid": "c9424427-d195-4acf-8962-e73240e028d5",
              "parentUUID": "c8e2ec6c-3ce0-4dbe-a242-8e491e70fce2",
              "isHook": false,
              "skipped": false
            },
            {
              "title": "Login with correct username and pasword then click login button to login",
              "fullTitle": "Login CMS Admin --Positive Case Login with correct username and pasword then click login button to login",
              "timedOut": null,
              "duration": 2608,
              "state": "passed",
              "speed": "slow",
              "pass": true,
              "fail": false,
              "pending": false,
              "context": null,
              "code": "cy.visit('/#/login');\ncy.get('input[ng-model=\"crendetial.username\"]').type(username);\ncy.get('input[placeholder=\"Password\"]').type(password);\ncy.contains('Login').click();\ncy.url().should('include', '/dashboard/user-consumer');",
              "err": {},
              "uuid": "216086b8-e970-40b8-8901-65cc40640a78",
              "parentUUID": "c8e2ec6c-3ce0-4dbe-a242-8e491e70fce2",
              "isHook": false,
              "skipped": false
            }
          ],
          "suites": [],
          "passes": [
            "c9424427-d195-4acf-8962-e73240e028d5",
            "216086b8-e970-40b8-8901-65cc40640a78"
          ],
          "failures": [],
          "pending": [],
          "skipped": [],
          "duration": 6597,
          "root": false,
          "rootEmpty": false,
          "_timeout": 2000
        },
        {
          "uuid": "0271cdc8-09ae-48d9-b73f-cd5e43d000ef",
          "title": "Login CMS Admin --Negative Case",
          "fullFile": "",
          "file": "",
          "beforeHooks": [],
          "afterHooks": [],
          "tests": [
            {
              "title": "Login with empty username and pasword then click login button to login",
              "fullTitle": "Login CMS Admin --Negative Case Login with empty username and pasword then click login button to login",
              "timedOut": null,
              "duration": 1310,
              "state": "passed",
              "speed": "slow",
              "pass": true,
              "fail": false,
              "pending": false,
              "context": null,
              "code": "cy.visit('/#/login');\ncy.get('input[placeholder=\"Password\"]').type(password);\ncy.contains('Login').click();\nvar url = cy.url();\n(0, _chai.expect)(url).to;",
              "err": {},
              "uuid": "fe8728ba-063f-484f-8c0c-fcc4e2b296ac",
              "parentUUID": "0271cdc8-09ae-48d9-b73f-cd5e43d000ef",
              "isHook": false,
              "skipped": false
            },
            {
              "title": "Login with correct username and empty pasword then click login button to login",
              "fullTitle": "Login CMS Admin --Negative Case Login with correct username and empty pasword then click login button to login",
              "timedOut": null,
              "duration": 1138,
              "state": "failed",
              "speed": null,
              "pass": false,
              "fail": true,
              "pending": false,
              "context": null,
              "code": "cy.visit('/#/login');\ncy.get('input[ng-model=\"crendetial.username\"]').type('');\ncy.contains('Login').click();\ncy.url().should('include', '/dashboard/user-consumer');",
              "err": {
                "message": "CypressError: cy.type() cannot accept an empty String. You need to actually type something.",
                "estack": "CypressError: cy.type() cannot accept an empty String. You need to actually type something.\n    at Object.cypressErr (http://admin.stg.cariparkir.co.id/__cypress/runner/cypress_runner.js:105262:11)\n    at Object.throwErr (http://admin.stg.cariparkir.co.id/__cypress/runner/cypress_runner.js:105217:18)\n    at Object.throwErrByPath (http://admin.stg.cariparkir.co.id/__cypress/runner/cypress_runner.js:105249:17)\n    at Context.type (http://admin.stg.cariparkir.co.id/__cypress/runner/cypress_runner.js:87884:14)\n    at Context.<anonymous> (http://admin.stg.cariparkir.co.id/__cypress/runner/cypress_runner.js:100860:21)\n    at http://admin.stg.cariparkir.co.id/__cypress/runner/cypress_runner.js:100381:33\n    at tryCatcher (http://admin.stg.cariparkir.co.id/__cypress/runner/cypress_runner.js:139407:23)\n    at Promise._settlePromiseFromHandler (http://admin.stg.cariparkir.co.id/__cypress/runner/cypress_runner.js:137343:31)\n    at Promise._settlePromise (http://admin.stg.cariparkir.co.id/__cypress/runner/cypress_runner.js:137400:18)\n    at Promise._settlePromiseCtx (http://admin.stg.cariparkir.co.id/__cypress/runner/cypress_runner.js:137437:10)\n    at Async../node_modules/bluebird/js/release/async.js.Async._drainQueue (http://admin.stg.cariparkir.co.id/__cypress/runner/cypress_runner.js:134137:12)\n    at Async../node_modules/bluebird/js/release/async.js.Async._drainQueues (http://admin.stg.cariparkir.co.id/__cypress/runner/cypress_runner.js:134142:10)\n    at Async.drainQueues (http://admin.stg.cariparkir.co.id/__cypress/runner/cypress_runner.js:134016:14)",
                "diff": null
              },
              "uuid": "8138f1d1-9584-4707-98b4-22037e0ac897",
              "parentUUID": "0271cdc8-09ae-48d9-b73f-cd5e43d000ef",
              "isHook": false,
              "skipped": false
            },
            {
              "title": "Login with correct username and empty pasword then click login button to login",
              "fullTitle": "Login CMS Admin --Negative Case Login with correct username and empty pasword then click login button to login",
              "timedOut": null,
              "duration": 5335,
              "state": "failed",
              "speed": null,
              "pass": false,
              "fail": true,
              "pending": false,
              "context": null,
              "code": "cy.visit('/#/login');\ncy.contains('Login').click();\ncy.url().should('include', '/dashboard/user-consumer');",
              "err": {
                "message": "CypressError: Timed out retrying: expected 'http://admin.stg.cariparkir.co.id/#/login' to include '/dashboard/user-consumer'",
                "estack": "CypressError: Timed out retrying: expected 'http://admin.stg.cariparkir.co.id/#/login' to include '/dashboard/user-consumer'\n    at Object.cypressErr (http://admin.stg.cariparkir.co.id/__cypress/runner/cypress_runner.js:105262:11)\n    at Object.throwErr (http://admin.stg.cariparkir.co.id/__cypress/runner/cypress_runner.js:105217:18)\n    at Object.throwErrByPath (http://admin.stg.cariparkir.co.id/__cypress/runner/cypress_runner.js:105249:17)\n    at retry (http://admin.stg.cariparkir.co.id/__cypress/runner/cypress_runner.js:96526:16)\n    at onFailFn (http://admin.stg.cariparkir.co.id/__cypress/runner/cypress_runner.js:85591:16)\n    at tryCatcher (http://admin.stg.cariparkir.co.id/__cypress/runner/cypress_runner.js:139407:23)\n    at Promise._settlePromiseFromHandler (http://admin.stg.cariparkir.co.id/__cypress/runner/cypress_runner.js:137343:31)\n    at Promise._settlePromise (http://admin.stg.cariparkir.co.id/__cypress/runner/cypress_runner.js:137400:18)\n    at Promise._settlePromise0 (http://admin.stg.cariparkir.co.id/__cypress/runner/cypress_runner.js:137445:10)\n    at Promise._settlePromises (http://admin.stg.cariparkir.co.id/__cypress/runner/cypress_runner.js:137520:18)\n    at Async../node_modules/bluebird/js/release/async.js.Async._drainQueue (http://admin.stg.cariparkir.co.id/__cypress/runner/cypress_runner.js:134132:16)\n    at Async../node_modules/bluebird/js/release/async.js.Async._drainQueues (http://admin.stg.cariparkir.co.id/__cypress/runner/cypress_runner.js:134142:10)\n    at Async.drainQueues (http://admin.stg.cariparkir.co.id/__cypress/runner/cypress_runner.js:134016:14)",
                "diff": null
              },
              "uuid": "1f274800-2ade-4ad2-b9b1-3bacb64a29cf",
              "parentUUID": "0271cdc8-09ae-48d9-b73f-cd5e43d000ef",
              "isHook": false,
              "skipped": false
            }
          ],
          "suites": [],
          "passes": [
            "fe8728ba-063f-484f-8c0c-fcc4e2b296ac"
          ],
          "failures": [
            "8138f1d1-9584-4707-98b4-22037e0ac897",
            "1f274800-2ade-4ad2-b9b1-3bacb64a29cf"
          ],
          "pending": [],
          "skipped": [],
          "duration": 7783,
          "root": false,
          "rootEmpty": false,
          "_timeout": 2000
        }
      ],
      "passes": [],
      "failures": [],
      "pending": [],
      "skipped": [],
      "duration": 0,
      "root": true,
      "rootEmpty": true,
      "_timeout": 2000
    }
  ],
  "meta": {
    "mocha": {
      "version": "5.2.0"
    },
    "mochawesome": {
      "options": {
        "quiet": false,
        "reportFilename": "mochawesome",
        "saveHtml": false,
        "saveJson": true,
        "consoleReporter": "spec",
        "useInlineDiffs": false
      },
      "version": "4.1.0"
    },
    "marge": {
      "options": {
        "overwrite": false,
        "html": false,
        "json": true
      },
      "version": "4.0.1"
    }
  }
}