{
  "stats": {
    "suites": 1,
    "tests": 1,
    "passes": 0,
    "pending": 0,
    "failures": 1,
    "start": "2019-12-03T10:46:00.361Z",
    "end": "2019-12-03T10:46:02.925Z",
    "duration": 2564,
    "testsRegistered": 1,
    "passPercent": 0,
    "pendingPercent": 0,
    "other": 0,
    "hasOther": false,
    "skipped": 0,
    "hasSkipped": false
  },
  "results": [
    {
      "uuid": "2c1d77d4-5975-4634-8b09-faea5bb1ddf6",
      "title": "",
      "fullFile": "",
      "file": "",
      "beforeHooks": [],
      "afterHooks": [],
      "tests": [],
      "suites": [
        {
          "uuid": "c1f7dd02-8561-4814-9a46-04c03f4c020a",
          "title": "Login CMS Admin --Positive Case",
          "fullFile": "",
          "file": "",
          "beforeHooks": [],
          "afterHooks": [],
          "tests": [
            {
              "title": "Login with correct username and pasword then enter to login",
              "fullTitle": "Login CMS Admin --Positive Case Login with correct username and pasword then enter to login",
              "timedOut": null,
              "duration": 2520,
              "state": "failed",
              "speed": null,
              "pass": false,
              "fail": true,
              "pending": false,
              "context": null,
              "code": "cy.visit('/#/login').find('input[ng-model=\"crendetial.usename\"]').find('input[placeholder=\"Password\"]'); // expect(cy.url()).to.include('/dashboard/user-consumer');\ncy.log('test');",
              "err": {
                "message": "CypressError: cy.find() failed because it requires a DOM element.\n\nThe subject received was:\n\n  > <window>\n\nThe previous command that ran was:\n\n  > cy.visit()",
                "estack": "CypressError: cy.find() failed because it requires a DOM element.\n\nThe subject received was:\n\n  > <window>\n\nThe previous command that ran was:\n\n  > cy.visit()\n    at Object.cypressErr (http://admin.stg.cariparkir.co.id/__cypress/runner/cypress_runner.js:105262:11)\n    at Object.throwErr (http://admin.stg.cariparkir.co.id/__cypress/runner/cypress_runner.js:105217:18)\n    at Object.throwErrByPath (http://admin.stg.cariparkir.co.id/__cypress/runner/cypress_runner.js:105249:17)\n    at ensureElement (http://admin.stg.cariparkir.co.id/__cypress/runner/cypress_runner.js:94025:21)\n    at validateType (http://admin.stg.cariparkir.co.id/__cypress/runner/cypress_runner.js:93897:16)\n    at Object.ensureSubjectByType (http://admin.stg.cariparkir.co.id/__cypress/runner/cypress_runner.js:93925:9)\n    at pushSubjectAndValidate (http://admin.stg.cariparkir.co.id/__cypress/runner/cypress_runner.js:100600:15)\n    at Context.<anonymous> (http://admin.stg.cariparkir.co.id/__cypress/runner/cypress_runner.js:100859:18)\n    at http://admin.stg.cariparkir.co.id/__cypress/runner/cypress_runner.js:100381:33\n    at tryCatcher (http://admin.stg.cariparkir.co.id/__cypress/runner/cypress_runner.js:139407:23)\n    at Promise._settlePromiseFromHandler (http://admin.stg.cariparkir.co.id/__cypress/runner/cypress_runner.js:137343:31)\n    at Promise._settlePromise (http://admin.stg.cariparkir.co.id/__cypress/runner/cypress_runner.js:137400:18)\n    at Promise._settlePromiseCtx (http://admin.stg.cariparkir.co.id/__cypress/runner/cypress_runner.js:137437:10)\n    at Async../node_modules/bluebird/js/release/async.js.Async._drainQueue (http://admin.stg.cariparkir.co.id/__cypress/runner/cypress_runner.js:134137:12)\n    at Async../node_modules/bluebird/js/release/async.js.Async._drainQueues (http://admin.stg.cariparkir.co.id/__cypress/runner/cypress_runner.js:134142:10)\n    at Async.drainQueues (http://admin.stg.cariparkir.co.id/__cypress/runner/cypress_runner.js:134016:14)",
                "diff": null
              },
              "uuid": "e5a585d1-14cd-45bb-8470-8906d47c8b09",
              "parentUUID": "c1f7dd02-8561-4814-9a46-04c03f4c020a",
              "isHook": false,
              "skipped": false
            }
          ],
          "suites": [],
          "passes": [],
          "failures": [
            "e5a585d1-14cd-45bb-8470-8906d47c8b09"
          ],
          "pending": [],
          "skipped": [],
          "duration": 2520,
          "root": false,
          "rootEmpty": false,
          "_timeout": 2000
        }
      ],
      "passes": [],
      "failures": [],
      "pending": [],
      "skipped": [],
      "duration": 0,
      "root": true,
      "rootEmpty": true,
      "_timeout": 2000
    }
  ],
  "meta": {
    "mocha": {
      "version": "5.2.0"
    },
    "mochawesome": {
      "options": {
        "quiet": false,
        "reportFilename": "mochawesome",
        "saveHtml": false,
        "saveJson": true,
        "consoleReporter": "spec",
        "useInlineDiffs": false
      },
      "version": "4.1.0"
    },
    "marge": {
      "options": {
        "overwrite": false,
        "html": false,
        "json": true
      },
      "version": "4.0.1"
    }
  }
}