{
  "stats": {
    "suites": 1,
    "tests": 2,
    "passes": 1,
    "pending": 0,
    "failures": 1,
    "start": "2019-12-05T10:00:14.291Z",
    "end": "2019-12-05T10:00:19.366Z",
    "duration": 5075,
    "testsRegistered": 2,
    "passPercent": 50,
    "pendingPercent": 0,
    "other": 0,
    "hasOther": false,
    "skipped": 0,
    "hasSkipped": false
  },
  "results": [
    {
      "uuid": "4c8c127d-5411-44c2-a619-5b8f832248b1",
      "title": "",
      "fullFile": "",
      "file": "",
      "beforeHooks": [],
      "afterHooks": [],
      "tests": [],
      "suites": [
        {
          "uuid": "952ea133-002a-4a68-802f-fc36c3a37cfd",
          "title": "Login CMS Admin --Positive Case",
          "fullFile": "",
          "file": "",
          "beforeHooks": [],
          "afterHooks": [],
          "tests": [
            {
              "title": "Login with correct username and pasword then enter to login",
              "fullTitle": "Login CMS Admin --Positive Case Login with correct username and pasword then enter to login",
              "timedOut": null,
              "duration": 216,
              "state": "failed",
              "speed": null,
              "pass": false,
              "fail": true,
              "pending": false,
              "context": null,
              "code": "cy.visit('/#/login');\n(0, _chai.expect)(cy.url()).to.include('/dashboard/user-consumer');\ncy.log('test');",
              "err": {
                "message": "AssertionError: object tested must be an array, a map, an object, a set, a string, or a weakset, but object given",
                "estack": "AssertionError: object tested must be an array, a map, an object, a set, a string, or a weakset, but object given\n    at Context.<anonymous> (http://admin.stg.cariparkir.co.id/__cypress/tests?p=cypress/integration/login.js-372:12:36)",
                "diff": null
              },
              "uuid": "8f4f20c2-e685-4287-a5b8-8865b2b0084f",
              "parentUUID": "952ea133-002a-4a68-802f-fc36c3a37cfd",
              "isHook": false,
              "skipped": false
            },
            {
              "title": "Login with correct username and pasword then click login button to login",
              "fullTitle": "Login CMS Admin --Positive Case Login with correct username and pasword then click login button to login",
              "timedOut": null,
              "duration": 4723,
              "state": "passed",
              "speed": "slow",
              "pass": true,
              "fail": false,
              "pending": false,
              "context": null,
              "code": "cy.visit('/#/login');\ncy.get('input[ng-model=\"crendetial.username\"]').type(username);\ncy.get('input[placeholder=\"Password\"]').type(password);\ncy.contains('Login').click();\ncy.url().should('include', '/dashboard/user-consumer');",
              "err": {},
              "uuid": "e248a543-6eb7-4911-8cd8-0d47fcb23e8c",
              "parentUUID": "952ea133-002a-4a68-802f-fc36c3a37cfd",
              "isHook": false,
              "skipped": false
            }
          ],
          "suites": [],
          "passes": [
            "e248a543-6eb7-4911-8cd8-0d47fcb23e8c"
          ],
          "failures": [
            "8f4f20c2-e685-4287-a5b8-8865b2b0084f"
          ],
          "pending": [],
          "skipped": [],
          "duration": 4939,
          "root": false,
          "rootEmpty": false,
          "_timeout": 2000
        }
      ],
      "passes": [],
      "failures": [],
      "pending": [],
      "skipped": [],
      "duration": 0,
      "root": true,
      "rootEmpty": true,
      "_timeout": 2000
    }
  ],
  "meta": {
    "mocha": {
      "version": "5.2.0"
    },
    "mochawesome": {
      "options": {
        "quiet": false,
        "reportFilename": "mochawesome",
        "saveHtml": false,
        "saveJson": true,
        "consoleReporter": "spec",
        "useInlineDiffs": false
      },
      "version": "4.1.0"
    },
    "marge": {
      "options": {
        "overwrite": false,
        "html": false,
        "json": true
      },
      "version": "4.0.1"
    }
  }
}